<?xml version="1.0" encoding="UTF-8"?>
<!-- Generated by org.testng.reporters.JUnitReportReporter -->
<testsuite hostname="DESKTOP-3MMKTFA" failures="0" tests="1" name="com.supermarket.testScripts.LoginTest" time="11.017" errors="0" timestamp="2024-12-19T20:21:11 IST" skipped="0">
  <testcase classname="com.supermarket.testScripts.LoginTest" name="verifyTheUserCanLoginUsingValidCredentials" time="11.017"/>
</testsuite> <!-- com.supermarket.testScripts.LoginTest -->
