<?xml version="1.0" encoding="UTF-8"?>
<!-- Generated by org.testng.reporters.JUnitReportReporter -->
<testsuite hostname="DESKTOP-3MMKTFA" failures="0" tests="2" name="com.supermarket.testScripts.ManagenewsTest" time="41.196" errors="0" timestamp="2024-12-19T20:19:19 IST" skipped="0">
  <testcase classname="com.supermarket.testScripts.ManagenewsTest" name="verifyTheUserIsAbleToAddNews" time="21.042"/>
  <testcase classname="com.supermarket.testScripts.ManagenewsTest" name="verifyTheUserIsAbleToAddNews" time="20.154"/>
</testsuite> <!-- com.supermarket.testScripts.ManagenewsTest -->
