<?xml version="1.0" encoding="UTF-8"?>
<!-- Generated by org.testng.reporters.JUnitReportReporter -->
<testsuite hostname="DESKTOP-3MMKTFA" failures="0" tests="1" name="com.supermarket.testScripts.AdminUserTest" time="13.353" errors="0" timestamp="2024-12-31T16:15:32 IST" skipped="0">
  <testcase classname="com.supermarket.testScripts.AdminUserTest" name="verifyTheUserIsAbleToAddNewAdminUser" time="13.353"/>
</testsuite> <!-- com.supermarket.testScripts.AdminUserTest -->
