<?xml version="1.0" encoding="UTF-8"?>
<!-- Generated by org.testng.reporters.JUnitReportReporter -->
<testsuite hostname="DESKTOP-3MMKTFA" failures="0" tests="1" name="com.supermarket.testScripts.ManageProductTest" time="49.741" errors="0" timestamp="2024-12-31T16:11:28 IST" skipped="0">
  <testcase classname="com.supermarket.testScripts.ManageProductTest" name="verifyWhetherTheAlertPromptIsDisplayed" time="49.741"/>
</testsuite> <!-- com.supermarket.testScripts.ManageProductTest -->
