<?xml version="1.0" encoding="UTF-8"?>
<!-- Generated by org.testng.reporters.JUnitReportReporter -->
<testsuite hostname="DESKTOP-3MMKTFA" failures="0" tests="1" name="com.supermarket.testScripts.ManageProductTest" time="15.387" errors="0" timestamp="2024-12-14T21:08:12 IST" skipped="0">
  <testcase classname="com.supermarket.testScripts.ManageProductTest" name="verifyWhetherTheAlertPromptIsDisplayed" time="15.387"/>
</testsuite> <!-- com.supermarket.testScripts.ManageProductTest -->
