<?xml version="1.0" encoding="UTF-8"?>
<!-- Generated by org.testng.reporters.JUnitReportReporter -->
<testsuite hostname="DESKTOP-3MMKTFA" failures="0" tests="1" name="com.supermarket.testScripts.HomePageTest" time="9.087" errors="0" timestamp="2024-12-19T20:21:11 IST" skipped="0">
  <testcase classname="com.supermarket.testScripts.HomePageTest" name="verifyTheUserIsAbleToLogOut" time="9.087"/>
</testsuite> <!-- com.supermarket.testScripts.HomePageTest -->
