<?xml version="1.0" encoding="UTF-8"?>
<!-- Generated by org.testng.reporters.JUnitReportReporter -->
<testsuite hostname="DESKTOP-3MMKTFA" failures="0" tests="1" name="testScripts.ManagenewsTest" time="12.080" errors="0" timestamp="2024-12-05T20:50:34 IST" skipped="0">
  <testcase classname="testScripts.ManagenewsTest" name="verifyTheUserIsAbleToAddNews" time="12.080"/>
</testsuite> <!-- testScripts.ManagenewsTest -->
