<?xml version="1.0" encoding="UTF-8"?>
<!-- Generated by org.testng.reporters.JUnitReportReporter -->
<testsuite hostname="DESKTOP-3MMKTFA" failures="0" tests="1" name="com.supermarket.testScripts.SubcategoryTest" time="11.686" errors="0" timestamp="2024-12-16T18:00:21 IST" skipped="0">
  <testcase classname="com.supermarket.testScripts.SubcategoryTest" name="verifyTheUserIsAbleToDeleteNewSubCategoryProducts" time="11.686"/>
</testsuite> <!-- com.supermarket.testScripts.SubcategoryTest -->
