<?xml version="1.0" encoding="UTF-8"?>
<!-- Generated by org.testng.reporters.JUnitReportReporter -->
<testsuite hostname="DESKTOP-3MMKTFA" failures="0" tests="1" name="com.supermarket.testScripts.ManageFooterTextTest" time="51.891" errors="0" timestamp="2024-12-20T13:06:44 IST" skipped="0">
  <testcase classname="com.supermarket.testScripts.ManageFooterTextTest" name="verifyTheUserIsAbleToUpdateFooterTextInformation" time="51.891"/>
</testsuite> <!-- com.supermarket.testScripts.ManageFooterTextTest -->
