<?xml version="1.0" encoding="UTF-8"?>
<!-- Generated by org.testng.reporters.JUnitReportReporter -->
<testsuite hostname="DESKTOP-3MMKTFA" failures="0" tests="1" name="com.supermarket.testScripts.ManagenewsTest" time="12.823" errors="0" timestamp="2024-12-31T16:24:31 IST" skipped="0">
  <testcase classname="com.supermarket.testScripts.ManagenewsTest" name="verifyTheUserIsAbleToAddNews" time="12.823"/>
</testsuite> <!-- com.supermarket.testScripts.ManagenewsTest -->
