<?xml version="1.0" encoding="UTF-8"?>
<!-- Generated by org.testng.reporters.JUnitReportReporter -->
<testsuite hostname="DESKTOP-3MMKTFA" failures="0" tests="2" name="com.supermarket.testScripts.LoginTest" time="25.752" errors="0" timestamp="2024-12-19T09:21:29 IST" skipped="0">
  <testcase classname="com.supermarket.testScripts.LoginTest" name="verifyTheUserCanLoginUsingValidCredentials" time="13.055"/>
  <testcase classname="com.supermarket.testScripts.LoginTest" name="verifyTheUserCanLoginUsingValidCredentials" time="12.697"/>
</testsuite> <!-- com.supermarket.testScripts.LoginTest -->
