<?xml version="1.0" encoding="UTF-8"?>
<!-- Generated by org.testng.reporters.JUnitReportReporter -->
<testsuite hostname="DESKTOP-3MMKTFA" failures="0" tests="1" name="com.supermarket.testScripts.ManageProductTest" time="15.196" errors="0" timestamp="2024-12-27T15:52:24 IST" skipped="0">
  <testcase classname="com.supermarket.testScripts.ManageProductTest" name="verifyWhetherTheAlertPromptIsDisplayed" time="15.196"/>
</testsuite> <!-- com.supermarket.testScripts.ManageProductTest -->
