<?xml version="1.0" encoding="UTF-8"?>
<!-- Generated by org.testng.reporters.JUnitReportReporter -->
<testsuite hostname="DESKTOP-3MMKTFA" failures="0" tests="1" name="com.supermarket.testScripts.LogoutTest" time="25.791" errors="0" timestamp="2024-12-16T13:28:00 IST" skipped="0">
  <testcase classname="com.supermarket.testScripts.LogoutTest" name="verifyTheUserIsAbleToLogOut" time="25.791"/>
</testsuite> <!-- com.supermarket.testScripts.LogoutTest -->
