<?xml version="1.0" encoding="UTF-8"?>
<!-- Generated by org.testng.reporters.JUnitReportReporter -->
<testsuite hostname="DESKTOP-3MMKTFA" failures="0" tests="1" name="testScripts.LoginTest" time="149.882" errors="0" timestamp="2024-12-05T20:38:49 IST" skipped="0">
  <testcase classname="testScripts.LoginTest" name="verifyTheUserCanLoginUsingValidCredentials" time="149.882"/>
</testsuite> <!-- testScripts.LoginTest -->
