<?xml version="1.0" encoding="UTF-8"?>
<!-- Generated by org.testng.reporters.JUnitReportReporter -->
<testsuite hostname="DESKTOP-3MMKTFA" failures="0" tests="2" name="com.supermarket.testScripts.ManageFooterTextTest" time="22.893" errors="0" timestamp="2024-12-19T20:35:36 IST" skipped="0">
  <testcase classname="com.supermarket.testScripts.ManageFooterTextTest" name="verifyWhetherTheUpdateButtonIsPresent" time="9.547"/>
  <testcase classname="com.supermarket.testScripts.ManageFooterTextTest" name="verifyTheUserIsAbleToUpdateFooterTextInformation" time="13.346"/>
</testsuite> <!-- com.supermarket.testScripts.ManageFooterTextTest -->
