<?xml version="1.0" encoding="UTF-8"?>
<!-- Generated by org.testng.reporters.JUnitReportReporter -->
<testsuite hostname="DESKTOP-3MMKTFA" failures="0" tests="1" name="com.supermarket.testScripts.ManageContactTest" time="13.854" errors="0" timestamp="2024-12-24T11:06:20 IST" skipped="0">
  <testcase classname="com.supermarket.testScripts.ManageContactTest" name="verifyTheUserIsAbleToUpdateContact" time="13.854"/>
</testsuite> <!-- com.supermarket.testScripts.ManageContactTest -->
