<?xml version="1.0" encoding="UTF-8"?>
<!-- Generated by org.testng.reporters.JUnitReportReporter -->
<testsuite hostname="DESKTOP-3MMKTFA" failures="0" tests="1" name="com.supermarket.testScripts.LoginTest" time="55.651" errors="0" timestamp="2024-12-19T00:36:12 IST" skipped="0">
  <testcase classname="com.supermarket.testScripts.LoginTest" name="verifyTheUserCanLoginUsingValidCredentials" time="55.651"/>
</testsuite> <!-- com.supermarket.testScripts.LoginTest -->
