<?xml version="1.0" encoding="UTF-8"?>
<!-- Generated by org.testng.reporters.JUnitReportReporter -->
<testsuite hostname="DESKTOP-3MMKTFA" failures="0" tests="2" name="com.supermarket.testScripts.ManageContactTest" time="28.879" errors="0" timestamp="2024-12-19T13:40:20 IST" skipped="0">
  <testcase classname="com.supermarket.testScripts.ManageContactTest" name="verifyTheUserIsAbleToUpdateContact" time="13.193"/>
  <testcase classname="com.supermarket.testScripts.ManageContactTest" name="verifyTheUserIsAbleToUpdateContact" time="15.686"/>
</testsuite> <!-- com.supermarket.testScripts.ManageContactTest -->
